
	
	
  <!doctype html>
  <html><head>
    <meta http-equiv="X-UA-Compatible" content="IE=9; IE=8; IE=7; IE=EDGE" />
    <meta charset="utf-8" />
    <title>Gauge Test Results</title>
    <link rel="shortcut icon" type="image/x-icon" href="../images/favicon.ico">
    <link rel="stylesheet" type="text/css" href="../css/open-sans.css">
    <link rel="stylesheet" type="text/css" href="../css/font-awesome.css">
    <link rel="stylesheet" type="text/css" href="../css/normalize.css" />
    <link rel="stylesheet" type="text/css" href="../css/style.css" />
  </head>
  <body>
  <header class="top">
    <div class="header">
      <div class="container">
        <div class="logo">
          <a href=".."><img src="../images/gaugeLogo.png" alt="Report logo"></a>
        </div>
        <h2 class="project">Project: BAYKAR.QA.AUTOMATION</h2>
      </div>
    </div>
  </header>
  <main class="main-container">
  <div class="container">

	
  <div class="report-overview">
   
  <div class="report_chart">
    <div class="chart">
      <svg id="pie-chart" data-results="1,0,0" data-total="1">
        <path class="status failed" />
        <path class="shadow failed" data-status="failed"><title>Failed: 1/1</title></path>
        <path class="status passed" />
        <path class="shadow passed" data-status="passed"><title>Passed: 0/1</title></path>
        <path class="status skipped" />
        <path class="shadow skipped" data-status="skipped"><title>Skipped: 0/1</title></path>
      </svg>
    </div>
  </div>

   
  <div class="report_test-results">
    <div class="report_test-result specs">
        <div class="total-specs" title="Filter all specs"><span class="txt">Total specs</span><span class="value">1</span></div>
        <div class="fail spec-filter" data-status="failed" title="Filter failed specs"><span class="value">1</span></div>
        <div class="pass spec-filter" data-status="passed" title="Filter passed specs"><span class="value">0</span></div>
        <div class="skip spec-filter" data-status="skipped" title="Filter skipped specs"><span class="value">0</span></div>
    </div>
    <div class="report_test-result scenarios">
        <div class="total-scenarios"><span class="txt">Total scenario</span><span class="value">1</span></div>
        <div class="fail scenario-stats" data-status="failed"><span class="value">1</span></div>
        <div class="pass scenario-stats" data-status="passed"><span class="value">0</span></div>
        <div class="skip scenario-stats" data-status="skipped"><span class="value">0</span></div>
    </div>
  </div>

    <div class="report_details">
      
  <ul>
    <li>
      <label>Environment </label>
      <span>default</span>
    </li>
    
    <li>
      <label>Success Rate </label>
      <span>0%</span>
    </li>
    <li>
      <label>Total Time </label>
      <span>00:00:19</span>
    </li>
    <li>
      <label>Generated On </label>
      <span>Aug 28, 2022 at 1:15am</span>
    </li>
  </ul>

      
  

      
  
  


    </div>
  </div>


	

	

	
		<div class="specifications">
		
  
    <aside class="sidebar">
      <h3 class="title">Specifications</h3>
      <div class="searchbar">
        <input id="searchSpecifications" placeholder="Type specification or tag name" type="text" />
        <i class="fa fa-search"></i>
      </div>
      <div class="specs-sorting">
        <div class="sort sort-specs-name" data-sort-by="specs-name"><span class="sort-icons"><i class="fa fa-caret-up"></i><i class="fa fa-caret-down"></i></span><span>Name</span></div>
        <div class="sort sort-execution-time" data-sort-by="execution-time"><span class="sort-icons"><i class="fa fa-caret-up"></i><i class="fa fa-caret-down"></i></span><span>Execution time</span></div>
      </div>
      <div id="listOfSpecifications">
        <ul id="scenarios" class="spec-list">
        
          <a href="example.html">
            
              <li class="failed spec-name">
            
              <span id="scenarioName" class="scenarioname">Getting Started with Gauge</span>
              <span id="time" class="time">00:00:19</span>
            </li>
          </a>
          
        </ul>
      </div>
    </aside>
  

		
  
	
  <div id="specificationContainer" class="details">
    <header class="curr-spec">
      <div class="spec-head-wrapper">
        <h3 class="spec-head" title="C:\BAYKAR.QA.AUTOMATION\specs\example.spec">Getting Started with Gauge</h3>
        <div class="hidden report_test-results" alt="Scenarios" title="Scenarios">
          <ul>
            <li class="fail"><span class="value">1</span><span class="txt">Failed</span></li>
            <li class="pass"><span class="value">0</span><span class="txt">Passed</span></li>
            <li class="skip"><span class="value">0</span><span class="txt">Skipped</span></li>
          </ul>
        </div>
      </div>
      <div class="spec-meta">
        <div class="spec-filename">
          <label for="specFileName">File Path</label>
          <input id="specFileName" value="C:\BAYKAR.QA.AUTOMATION\specs\example.spec" readonly/>
          <button class="clipboard-btn" data-clipboard-target="#specFileName" title="Copy to Clipboard">
              <i class="fa fa-clipboard" aria-hidden="true" title="Copy to Clipboard"></i>
          </button>
        </div>
        <span class="time">00:00:19</span>
      </div>

	
  

	</header>
	<div id="specItemsContainer">
	
    
  

    
    
    

    <div class="content">
    
  
  <span></span>
  
  

  

      
        
	
  <div class="scenario-container failed">
    

	
  <div class="scenario-head">
    <h3 class="head borderBottom">Test Suit 2</h3>
    
    <span class="time">00:00:19</span>

	
  
    <div class="tags scenario_tags contentSection">
      <strong>Tags:</strong>
      
        <span> TESTS</span>
      
    </div>
  

	</div>
  
  

  
  

  
	

  
  
    
  
    
  
  <div class="step">
  
  
    <h5 class="execution-time">
      <span class="time">Execution Time : 00:00:01</span>
    </h5>
  
  <div class="step-info passed">
  
  <ul>
    <li class="step">
      <div class="step-txt">


  
  

  
  

  
  
  
  
  
    
      <span>
        TC2.1 : Go Login Page and Check it.
      </span>
    
  
  </div>

  
    
    
  

    
    
  

  
  
  
  

  
  

  
	</li></ul></div></div>
  
    
  

  

  
    
  
    
  
  <div class="step concept">
  
  
    <h5 class="execution-time">
      <span class="time">Execution Time : 00:00:07</span>
    </h5>
  
  <div class="step-info failed">
  
  <ul>
    <li class="step">
      <div class="step-txt">


  <i class="fa fa-plus-square" aria-hidden="true"></i>
  
  
    
      <span>
        TC2.2: Fill information,be login and check it.
      </span>
    
  
  </div>

  </li></ul></div></div>
  <div class="concept-steps">
  
    
  
    
  
  <div class="step">
  
  
    <h5 class="execution-time">
      <span class="time">Execution Time : 00:00:03</span>
    </h5>
  
  <div class="step-info passed">
  
  <ul>
    <li class="step">
      <div class="step-txt">


  
  

  
  

  
  
  
  
  
    
      <span>
        Fill gmail 
      </span>
    
  
    
      <span class="parameter">"hakki.degirmenci.eee@gmail.com"</span>
    
  
    
      <span>
         and password 
      </span>
    
  
    
      <span class="parameter">"6T5lupdx8."</span>
    
  
    
      <span>
         informations .
      </span>
    
  
  </div>

  
    
    
  

    
    
  

  
  
  
  

  
  

  
	</li></ul></div></div>
  
    
  

  

  
    
  
    
  
  <div class="step">
  
  
    <h5 class="execution-time">
      <span class="time">Execution Time : 00:00:03</span>
    </h5>
  
  <div class="step-info passed">
  
  <ul>
    <li class="step">
      <div class="step-txt">


  
  

  
  

  
  
  
  
  
    
      <span>
        Click Captcha .
      </span>
    
  
  </div>

  
    
    
  

    
    
  

  
  
  
  

  
  

  
	</li></ul></div></div>
  
    
  

  

  
    
  
    
  
  <div class="step">
  
  
    <h5 class="execution-time">
      <span class="time">Execution Time : 00:00:07</span>
    </h5>
  
  <div class="step-info failed">
  
  <ul>
    <li class="step">
      <div class="step-txt">


  
  

  
  

  
  
  
  
  
    
      <span>
        Click Enter .
      </span>
    
  
  </div>

  
    
        
  <div class="error-container failed">
    <div class="exception-container">
      <div class="exception">
        <h4 class="error-message">
          <pre>org.openqa.selenium.ElementClickInterceptedException: element click intercepted: Element &lt;button type=&#34;submit&#34; id=&#34;kt_sign_in_submit&#34; class=&#34;btn btn-lg btn-primary w-100 mb-5&#34;&gt;...&lt;/button&gt; is not clickable at point (960, 652). Other element would receive the click: &lt;iframe title=&#34;reCAPTCHA sorusunun süresi iki dakika sonra dolacak&#34; src=&#34;https://www.google.com/recaptcha/api2/bframe?hl=tr&amp;amp;v=3TZgZIog-UsaFDv31vC4L9R_&amp;amp;k=6LdhhKUfAAAAAIreH-uXgiW0dnew3N0KRD3F08j0&#34; name=&#34;c-5psrn5hux4jx&#34; frameborder=&#34;0&#34; scrolling=&#34;no&#34; sandbox=&#34;allow-forms allow-popups allow-same-origin allow-scripts allow-top-navigation allow-modals allow-popups-to-escape-sandbox&#34; style=&#34;width: 400px; height: 580px;&#34;&gt;&lt;/iframe&gt;<br/>  (Session info: chrome=104.0.5112.102)<br/>Build info: version: &#39;3.141.59&#39;, revision: &#39;e82be7d358&#39;, time: &#39;2018-11-14T08:17:03&#39;<br/>System info: host: &#39;DESKTOP-L8UI9GC&#39;, ip: &#39;192.168.1.22&#39;, os.name: &#39;Windows 10&#39;, os.arch: &#39;amd64&#39;, os.version: &#39;10.0&#39;, java.version: &#39;1.8.0_291&#39;<br/>Driver info: org.openqa.selenium.chrome.ChromeDriver<br/>Capabilities {acceptInsecureCerts: false, browserName: chrome, browserVersion: 104.0.5112.102, chrome: {chromedriverVersion: 104.0.5112.79 (3cf3e8c8a07d..., userDataDir: C:\Users\HAKKDE~1\AppData\L...}, goog:chromeOptions: {debuggerAddress: localhost:55727}, javascriptEnabled: true, networkConnectionEnabled: false, pageLoadStrategy: normal, platform: WINDOWS, platformName: WINDOWS, proxy: Proxy(), setWindowRect: true, strictFileInteractability: false, timeouts: {implicit: 0, pageLoad: 300000, script: 30000}, unhandledPromptBehavior: dismiss and notify, webauthn:extension:credBlob: true, webauthn:extension:largeBlob: true, webauthn:virtualAuthenticators: true}<br/>Session ID: 50c87ab16d8bd442625bec7044c4c6ab</pre>
        </h4>
        <pre class="stacktrace">org.openqa.selenium.ElementClickInterceptedException: element click intercepted: Element &lt;button type=&#34;submit&#34; id=&#34;kt_sign_in_submit&#34; class=&#34;btn btn-lg btn-primary w-100 mb-5&#34;&gt;...&lt;/button&gt; is not clickable at point (960, 652). Other element would receive the click: &lt;iframe title=&#34;reCAPTCHA sorusunun süresi iki dakika sonra dolacak&#34; src=&#34;https://www.google.com/recaptcha/api2/bframe?hl=tr&amp;amp;v=3TZgZIog-UsaFDv31vC4L9R_&amp;amp;k=6LdhhKUfAAAAAIreH-uXgiW0dnew3N0KRD3F08j0&#34; name=&#34;c-5psrn5hux4jx&#34; frameborder=&#34;0&#34; scrolling=&#34;no&#34; sandbox=&#34;allow-forms allow-popups allow-same-origin allow-scripts allow-top-navigation allow-modals allow-popups-to-escape-sandbox&#34; style=&#34;width: 400px; height: 580px;&#34;&gt;&lt;/iframe&gt;<br/>  (Session info: chrome=104.0.5112.102)<br/>Build info: version: &#39;3.141.59&#39;, revision: &#39;e82be7d358&#39;, time: &#39;2018-11-14T08:17:03&#39;<br/>System info: host: &#39;DESKTOP-L8UI9GC&#39;, ip: &#39;192.168.1.22&#39;, os.name: &#39;Windows 10&#39;, os.arch: &#39;amd64&#39;, os.version: &#39;10.0&#39;, java.version: &#39;1.8.0_291&#39;<br/>Driver info: org.openqa.selenium.chrome.ChromeDriver<br/>Capabilities {acceptInsecureCerts: false, browserName: chrome, browserVersion: 104.0.5112.102, chrome: {chromedriverVersion: 104.0.5112.79 (3cf3e8c8a07d..., userDataDir: C:\Users\HAKKDE~1\AppData\L...}, goog:chromeOptions: {debuggerAddress: localhost:55727}, javascriptEnabled: true, networkConnectionEnabled: false, pageLoadStrategy: normal, platform: WINDOWS, platformName: WINDOWS, proxy: Proxy(), setWindowRect: true, strictFileInteractability: false, timeouts: {implicit: 0, pageLoad: 300000, script: 30000}, unhandledPromptBehavior: dismiss and notify, webauthn:extension:credBlob: true, webauthn:extension:largeBlob: true, webauthn:virtualAuthenticators: true}<br/>Session ID: 50c87ab16d8bd442625bec7044c4c6ab<br/>	at sun.reflect.NativeConstructorAccessorImpl.newInstance0(Native Method)<br/>	at sun.reflect.NativeConstructorAccessorImpl.newInstance(Unknown Source)<br/>	at sun.reflect.DelegatingConstructorAccessorImpl.newInstance(Unknown Source)<br/>	at java.lang.reflect.Constructor.newInstance(Unknown Source)<br/>	at org.openqa.selenium.remote.http.W3CHttpResponseCodec.createException(W3CHttpResponseCodec.java:187)<br/>	at org.openqa.selenium.remote.http.W3CHttpResponseCodec.decode(W3CHttpResponseCodec.java:122)<br/>	at org.openqa.selenium.remote.http.W3CHttpResponseCodec.decode(W3CHttpResponseCodec.java:49)<br/>	at org.openqa.selenium.remote.HttpCommandExecutor.execute(HttpCommandExecutor.java:158)<br/>	at org.openqa.selenium.remote.service.DriverCommandExecutor.execute(DriverCommandExecutor.java:83)<br/>	at org.openqa.selenium.remote.RemoteWebDriver.execute(RemoteWebDriver.java:552)<br/>	at org.openqa.selenium.remote.RemoteWebElement.execute(RemoteWebElement.java:285)<br/>	at org.openqa.selenium.remote.RemoteWebElement.click(RemoteWebElement.java:84)<br/>	at LoginPage.clickEnter(LoginPage.java:33)<br/>	at LoginPageSteps.clickEnter(LoginPageSteps.java:30)<br/>	at sun.reflect.NativeMethodAccessorImpl.invoke0(Native Method)<br/>	at sun.reflect.NativeMethodAccessorImpl.invoke(Unknown Source)<br/>	at sun.reflect.DelegatingMethodAccessorImpl.invoke(Unknown Source)<br/>	at java.lang.reflect.Method.invoke(Unknown Source)<br/>	at com.thoughtworks.gauge.execution.MethodExecutor.execute(MethodExecutor.java:30)<br/>	at com.thoughtworks.gauge.execution.StepExecutionStage.executeStepMethod(StepExecutionStage.java:66)<br/>	at com.thoughtworks.gauge.execution.StepExecutionStage.executeStep(StepExecutionStage.java:59)<br/>	at com.thoughtworks.gauge.execution.StepExecutionStage.execute(StepExecutionStage.java:41)<br/>	at com.thoughtworks.gauge.execution.AbstractExecutionStage.executeNext(AbstractExecutionStage.java:14)<br/>	at com.thoughtworks.gauge.execution.HookExecutionStage.execute(HookExecutionStage.java:33)<br/>	at com.thoughtworks.gauge.execution.ExecutionPipeline.start(ExecutionPipeline.java:19)<br/>	at com.thoughtworks.gauge.processor.ExecuteStepProcessor.process(ExecuteStepProcessor.java:44)<br/>	at com.thoughtworks.gauge.RunnerServiceHandler.lambda$executeStep$7(RunnerServiceHandler.java:166)<br/>	at java.util.concurrent.ThreadPoolExecutor.runWorker(Unknown Source)<br/>	at java.util.concurrent.ThreadPoolExecutor$Worker.run(Unknown Source)<br/>	at java.lang.Thread.run(Unknown Source)<br/></pre>
      </div>
      
         <div class="screenshot-container">
          <div class="screenshot">
            <a href="../images/screenshot-91bbb024-3cc1-4a2b-a489-afa9eacccbf3.png" rel="lightbox">
              <img src="../images/screenshot-91bbb024-3cc1-4a2b-a489-afa9eacccbf3.png" class="screenshot-thumbnail" />
            </a>
          </div>
        </div>
      
    </div>
  </div>

    
    
  

    
    
  

  
  
  
  

  
  

  
	</li></ul></div></div>
  
    
  

  

  
  </div>

  

  
  

  
  

  
  

  
	
	</div>

      

    </div>
    </div>

    
  

    
    
    
    </div>
  

		</div>
	

 	</div>
	</main>
	
  <footer class="footer">
    <div class="container">
      <p>Generated by Gauge HTML Report</p>
    </div>
  </footer>

	
    <script type="text/javascript">
      var loadingImage = "../images/loading.gif";
      var closeButton = "../images/close.gif";
    </script>
    <script src="../js/lightbox.js"></script>
    <script src="../js/jquery-3.1.0.min.js" type="text/javascript"></script>
    <script src="../js/auto-complete.min.js" type="text/javascript"></script>
    <script src="../js/clipboard.min.js" type="text/javascript"></script>
    <script src="../js/search_index.js" type="text/javascript"></script>
    <script src="../js/main.js" type="text/javascript"></script>
    </body>
  </html>

